0 info it worked if it ends with ok
1 verbose cli [ '/usr/bin/node', '/usr/bin/npm', 'run', 'test' ]
2 info using npm@3.5.2
3 info using node@v8.10.0
4 verbose run-script [ 'pretest', 'test', 'posttest' ]
5 info lifecycle car-module-hw@1.0.0~pretest: car-module-hw@1.0.0
6 silly lifecycle car-module-hw@1.0.0~pretest: no script for pretest, continuing
7 info lifecycle car-module-hw@1.0.0~test: car-module-hw@1.0.0
8 verbose lifecycle car-module-hw@1.0.0~test: unsafe-perm in lifecycle true
9 verbose lifecycle car-module-hw@1.0.0~test: PATH: /usr/share/npm/bin/node-gyp-bin:/home/julsatx/ga/hw/car-node-module-homework/node_modules/.bin:/usr/local/sbin:/usr/local/bin:/usr/sbin:/usr/bin:/sbin:/bin:/usr/games:/usr/local/games
10 verbose lifecycle car-module-hw@1.0.0~test: CWD: /home/julsatx/ga/hw/car-node-module-homework
11 silly lifecycle car-module-hw@1.0.0~test: Args: [ '-c', 'mocha' ]
12 info lifecycle car-module-hw@1.0.0~test: Failed to exec test script
13 verbose stack Error: car-module-hw@1.0.0 test: `mocha`
13 verbose stack spawn ENOENT
13 verbose stack     at ChildProcess.<anonymous> (/usr/share/npm/lib/utils/spawn.js:17:16)
13 verbose stack     at emitTwo (events.js:126:13)
13 verbose stack     at ChildProcess.emit (events.js:214:7)
13 verbose stack     at maybeClose (internal/child_process.js:925:16)
13 verbose stack     at Process.ChildProcess._handle.onexit (internal/child_process.js:209:5)
14 verbose pkgid car-module-hw@1.0.0
15 verbose cwd /home/julsatx/ga/hw/car-node-module-homework
16 error Linux 4.15.0-43-generic
17 error argv "/usr/bin/node" "/usr/bin/npm" "run" "test"
18 error node v8.10.0
19 error npm  v3.5.2
20 error file sh
21 error code ELIFECYCLE
22 error errno ENOENT
23 error syscall spawn
24 error car-module-hw@1.0.0 test: `mocha`
24 error spawn ENOENT
25 error Failed at the car-module-hw@1.0.0 test script 'mocha'.
25 error Make sure you have the latest version of node.js and npm installed.
25 error If you do, this is most likely a problem with the car-module-hw package,
25 error not with npm itself.
25 error Tell the author that this fails on your system:
25 error     mocha
25 error You can get information on how to open an issue for this project with:
25 error     npm bugs car-module-hw
25 error Or if that isn't available, you can get their info via:
25 error     npm owner ls car-module-hw
25 error There is likely additional logging output above.
26 verbose exit [ 1, true ]
